<?xml version="1.0" encoding="UTF-8"?>
<!-- Generated by org.testng.reporters.JUnitXMLReporter -->
<testsuite ignored="0" hostname="DESKTOP-BB34OQ0" failures="0" tests="3" name="mytest" time="37.922" errors="0" timestamp="2023-01-21T19:27:10 IST">
  <testcase classname="LearningTestNg.ParallelExecution" name="intialProcessMethod1" time="15.538"/>
  <testcase classname="LearningTestNg.ParallelExecution" name="intialProcessMethod2" time="18.908"/>
  <testcase classname="LearningTestNg.ParallelExecution" name="intialProcessMethod3" time="12.689"/>
</testsuite> <!-- mytest -->
