<?xml version="1.0" encoding="UTF-8"?>
<!-- Generated by org.testng.reporters.JUnitXMLReporter -->
<testsuite ignored="0" hostname="DESKTOP-BB34OQ0" failures="0" tests="5" name="Default test" time="0.088" errors="0" timestamp="2023-01-23T20:06:35 IST">
  <testcase classname="LearningTestNg.anotation_3" name="test1" time="0.008"/>
  <testcase classname="LearningTestNg.anotation_3" name="test1" time="0.002"/>
  <testcase classname="LearningTestNg.anotation_3" name="test1" time="0.003"/>
  <testcase classname="LearningTestNg.anotation_3" name="test2" time="0.002"/>
  <testcase classname="LearningTestNg.anotation_3" name="test2" time="0.003"/>
</testsuite> <!-- Default test -->
