<?xml version="1.0" encoding="UTF-8"?>
<testng-results ignored="0" total="5" passed="5" failed="0" skipped="0">
  <reporter-output>
  </reporter-output>
  <suite started-at="2023-01-23T20:06:35 IST" name="Default suite" finished-at="2023-01-23T20:06:35 IST" duration-ms="88">
    <groups>
    </groups>
    <test started-at="2023-01-23T20:06:35 IST" name="Default test" finished-at="2023-01-23T20:06:35 IST" duration-ms="88">
      <class name="LearningTestNg.anotation_3">
        <test-method signature="test1(java.lang.String,java.lang.String,int,java.lang.String)[pri:0, instance:LearningTestNg.anotation_3@72cde7cc]" started-at="2023-01-23T20:06:35 IST" name="test1" data-provider="Testing" finished-at="2023-01-23T20:06:35 IST" duration-ms="8" status="PASS">
          <params>
            <param index="0">
              <value>
                <![CDATA[thivakar]]>
              </value>
            </param>
            <param index="1">
              <value>
                <![CDATA[deivendren]]>
              </value>
            </param>
            <param index="2">
              <value>
                <![CDATA[12]]>
              </value>
            </param>
            <param index="3">
              <value>
                <![CDATA[testing Engineer]]>
              </value>
            </param>
          </params>
          <reporter-output>
          </reporter-output>
        </test-method> <!-- test1 -->
        <test-method signature="test1(java.lang.String,java.lang.String,int,java.lang.String)[pri:0, instance:LearningTestNg.anotation_3@72cde7cc]" started-at="2023-01-23T20:06:35 IST" name="test1" data-provider="Testing" finished-at="2023-01-23T20:06:35 IST" duration-ms="2" status="PASS">
          <params>
            <param index="0">
              <value>
                <![CDATA[manickam]]>
              </value>
            </param>
            <param index="1">
              <value>
                <![CDATA[alagarsamy]]>
              </value>
            </param>
            <param index="2">
              <value>
                <![CDATA[28]]>
              </value>
            </param>
            <param index="3">
              <value>
                <![CDATA[Dsp]]>
              </value>
            </param>
          </params>
          <reporter-output>
          </reporter-output>
        </test-method> <!-- test1 -->
        <test-method signature="test1(java.lang.String,java.lang.String,int,java.lang.String)[pri:0, instance:LearningTestNg.anotation_3@72cde7cc]" started-at="2023-01-23T20:06:35 IST" name="test1" data-provider="Testing" finished-at="2023-01-23T20:06:35 IST" duration-ms="3" status="PASS">
          <params>
            <param index="0">
              <value>
                <![CDATA[rohith]]>
              </value>
            </param>
            <param index="1">
              <value>
                <![CDATA[vadivel]]>
              </value>
            </param>
            <param index="2">
              <value>
                <![CDATA[4]]>
              </value>
            </param>
            <param index="3">
              <value>
                <![CDATA[Railways]]>
              </value>
            </param>
          </params>
          <reporter-output>
          </reporter-output>
        </test-method> <!-- test1 -->
        <test-method signature="test2(java.lang.String,java.lang.String)[pri:0, instance:LearningTestNg.anotation_3@72cde7cc]" started-at="2023-01-23T20:06:35 IST" name="test2" data-provider="Testing" finished-at="2023-01-23T20:06:35 IST" duration-ms="2" status="PASS">
          <params>
            <param index="0">
              <value>
                <![CDATA[thivakar]]>
              </value>
            </param>
            <param index="1">
              <value>
                <![CDATA[basketball]]>
              </value>
            </param>
          </params>
          <reporter-output>
          </reporter-output>
        </test-method> <!-- test2 -->
        <test-method signature="test2(java.lang.String,java.lang.String)[pri:0, instance:LearningTestNg.anotation_3@72cde7cc]" started-at="2023-01-23T20:06:35 IST" name="test2" data-provider="Testing" finished-at="2023-01-23T20:06:35 IST" duration-ms="3" status="PASS">
          <params>
            <param index="0">
              <value>
                <![CDATA[manickam]]>
              </value>
            </param>
            <param index="1">
              <value>
                <![CDATA[business]]>
              </value>
            </param>
          </params>
          <reporter-output>
          </reporter-output>
        </test-method> <!-- test2 -->
      </class> <!-- LearningTestNg.anotation_3 -->
    </test> <!-- Default test -->
  </suite> <!-- Default suite -->
</testng-results>
